app/build/intermediates/manifest_merge_blame_file/debug/manifest-merger-blame-debug-report.txt
1<?xml version="1.0" encoding="utf-8"?>
2<manifest xmlns:android="http://schemas.android.com/apk/res/android"
3    package="com.smartreminder.app.debug"
4    android:versionCode="1"
5    android:versionName="1.0.0-debug" >
6
7    <uses-sdk
8        android:minSdkVersion="24"
9        android:targetSdkVersion="34" />
10
11    <uses-permission android:name="android.permission.ACCESS_FINE_LOCATION" />
11-->src\main\AndroidManifest.xml:4:5-79
11-->src\main\AndroidManifest.xml:4:22-76
12    <uses-permission android:name="android.permission.ACCESS_COARSE_LOCATION" />
12-->src\main\AndroidManifest.xml:5:5-81
12-->src\main\AndroidManifest.xml:5:22-78
13    <uses-permission android:name="android.permission.ACCESS_BACKGROUND_LOCATION" />
13-->src\main\AndroidManifest.xml:6:5-85
13-->src\main\AndroidManifest.xml:6:22-82
14    <uses-permission android:name="android.permission.POST_NOTIFICATIONS" />
14-->src\main\AndroidManifest.xml:7:5-77
14-->src\main\AndroidManifest.xml:7:22-74
15    <uses-permission android:name="android.permission.INTERNET" />
15-->src\main\AndroidManifest.xml:8:5-67
15-->src\main\AndroidManifest.xml:8:22-64
16    <uses-permission android:name="android.permission.ACCESS_NETWORK_STATE" />
16-->src\main\AndroidManifest.xml:9:5-79
16-->src\main\AndroidManifest.xml:9:22-76
17    <uses-permission
17-->src\main\AndroidManifest.xml:10:5-12:38
18        android:name="android.permission.WRITE_EXTERNAL_STORAGE"
18-->src\main\AndroidManifest.xml:11:9-65
19        android:maxSdkVersion="29" />
19-->src\main\AndroidManifest.xml:12:9-35
20    <uses-permission android:name="android.permission.RECEIVE_BOOT_COMPLETED" />
20-->src\main\AndroidManifest.xml:13:5-81
20-->src\main\AndroidManifest.xml:13:22-78
21    <uses-permission android:name="android.permission.WAKE_LOCK" />
21-->[androidx.work:work-runtime:2.9.0] AndroidManifest.xml:23:5-68
21-->[androidx.work:work-runtime:2.9.0] AndroidManifest.xml:23:22-65
22    <uses-permission android:name="android.permission.FOREGROUND_SERVICE" />
22-->[androidx.work:work-runtime:2.9.0] AndroidManifest.xml:26:5-77
22-->[androidx.work:work-runtime:2.9.0] AndroidManifest.xml:26:22-74
23
24    <permission
24-->[androidx.core:core:1.12.0] AndroidManifest.xml:22:5-24:47
25        android:name="com.smartreminder.app.debug.DYNAMIC_RECEIVER_NOT_EXPORTED_PERMISSION"
25-->[androidx.core:core:1.12.0] AndroidManifest.xml:23:9-81
26        android:protectionLevel="signature" />
26-->[androidx.core:core:1.12.0] AndroidManifest.xml:24:9-44
27
28    <uses-permission android:name="com.smartreminder.app.debug.DYNAMIC_RECEIVER_NOT_EXPORTED_PERMISSION" />
28-->[androidx.core:core:1.12.0] AndroidManifest.xml:26:5-97
28-->[androidx.core:core:1.12.0] AndroidManifest.xml:26:22-94
29
30    <supports-screens
30-->[org.osmdroid:osmdroid-android:6.1.18] AndroidManifest.xml:9:5-12:40
31        android:anyDensity="true"
31-->[org.osmdroid:osmdroid-android:6.1.18] AndroidManifest.xml:10:9-34
32        android:largeScreens="true"
32-->[org.osmdroid:osmdroid-android:6.1.18] AndroidManifest.xml:11:9-36
33        android:normalScreens="true" />
33-->[org.osmdroid:osmdroid-android:6.1.18] AndroidManifest.xml:12:9-37
34
35    <uses-feature
35-->[org.osmdroid:osmdroid-android:6.1.18] AndroidManifest.xml:14:5-16:36
36        android:name="android.hardware.location.network"
36-->[org.osmdroid:osmdroid-android:6.1.18] AndroidManifest.xml:15:9-57
37        android:required="false" />
37-->[org.osmdroid:osmdroid-android:6.1.18] AndroidManifest.xml:16:9-33
38    <uses-feature
38-->[org.osmdroid:osmdroid-android:6.1.18] AndroidManifest.xml:17:5-19:36
39        android:name="android.hardware.location.gps"
39-->[org.osmdroid:osmdroid-android:6.1.18] AndroidManifest.xml:18:9-53
40        android:required="false" />
40-->[org.osmdroid:osmdroid-android:6.1.18] AndroidManifest.xml:19:9-33
41    <uses-feature
41-->[org.osmdroid:osmdroid-android:6.1.18] AndroidManifest.xml:20:5-22:36
42        android:name="android.hardware.telephony"
42-->[org.osmdroid:osmdroid-android:6.1.18] AndroidManifest.xml:21:9-50
43        android:required="false" />
43-->[org.osmdroid:osmdroid-android:6.1.18] AndroidManifest.xml:22:9-33
44    <uses-feature
44-->[org.osmdroid:osmdroid-android:6.1.18] AndroidManifest.xml:23:5-25:36
45        android:name="android.hardware.wifi"
45-->[org.osmdroid:osmdroid-android:6.1.18] AndroidManifest.xml:24:9-45
46        android:required="false" />
46-->[org.osmdroid:osmdroid-android:6.1.18] AndroidManifest.xml:25:9-33
47
48    <application
48-->src\main\AndroidManifest.xml:15:5-72:19
49        android:name="com.smartreminder.app.SmartReminderApplication"
49-->src\main\AndroidManifest.xml:16:9-49
50        android:allowBackup="true"
50-->src\main\AndroidManifest.xml:17:9-35
51        android:appComponentFactory="androidx.core.app.CoreComponentFactory"
51-->[androidx.core:core:1.12.0] AndroidManifest.xml:28:18-86
52        android:dataExtractionRules="@xml/data_extraction_rules"
52-->src\main\AndroidManifest.xml:18:9-65
53        android:debuggable="true"
54        android:extractNativeLibs="false"
55        android:fullBackupContent="@xml/backup_rules"
55-->src\main\AndroidManifest.xml:19:9-54
56        android:icon="@drawable/ic_app_icon"
56-->src\main\AndroidManifest.xml:20:9-45
57        android:label="@string/app_name"
57-->src\main\AndroidManifest.xml:21:9-41
58        android:roundIcon="@drawable/ic_app_icon"
58-->src\main\AndroidManifest.xml:22:9-50
59        android:supportsRtl="true"
59-->src\main\AndroidManifest.xml:23:9-35
60        android:testOnly="true"
61        android:theme="@style/Theme.SmartReminder" >
61-->src\main\AndroidManifest.xml:24:9-51
62        <activity
62-->src\main\AndroidManifest.xml:26:9-34:20
63            android:name="com.smartreminder.app.ui.MainActivity"
63-->src\main\AndroidManifest.xml:27:13-44
64            android:exported="true"
64-->src\main\AndroidManifest.xml:28:13-36
65            android:windowSoftInputMode="adjustResize" >
65-->src\main\AndroidManifest.xml:29:13-55
66            <intent-filter>
66-->src\main\AndroidManifest.xml:30:13-33:29
67                <action android:name="android.intent.action.MAIN" />
67-->src\main\AndroidManifest.xml:31:17-69
67-->src\main\AndroidManifest.xml:31:25-66
68
69                <category android:name="android.intent.category.LAUNCHER" />
69-->src\main\AndroidManifest.xml:32:17-77
69-->src\main\AndroidManifest.xml:32:27-74
70            </intent-filter>
71        </activity>
72        <activity
72-->src\main\AndroidManifest.xml:36:9-39:58
73            android:name="com.smartreminder.app.ui.AddEditTaskActivity"
73-->src\main\AndroidManifest.xml:37:13-51
74            android:exported="false"
74-->src\main\AndroidManifest.xml:38:13-37
75            android:windowSoftInputMode="adjustResize" />
75-->src\main\AndroidManifest.xml:39:13-55
76        <activity
76-->src\main\AndroidManifest.xml:41:9-43:40
77            android:name="com.smartreminder.app.ui.MapPickerActivity"
77-->src\main\AndroidManifest.xml:42:13-49
78            android:exported="false" />
78-->src\main\AndroidManifest.xml:43:13-37
79        <activity
79-->src\main\AndroidManifest.xml:45:9-47:40
80            android:name="com.smartreminder.app.ui.SettingsActivity"
80-->src\main\AndroidManifest.xml:46:13-48
81            android:exported="false" />
81-->src\main\AndroidManifest.xml:47:13-37
82
83        <receiver
83-->src\main\AndroidManifest.xml:49:9-51:40
84            android:name="com.smartreminder.app.location.GeofenceBroadcastReceiver"
84-->src\main\AndroidManifest.xml:50:13-63
85            android:exported="false" />
85-->src\main\AndroidManifest.xml:51:13-37
86        <receiver
86-->src\main\AndroidManifest.xml:53:9-62:20
87            android:name="com.smartreminder.app.location.BootReceiver"
87-->src\main\AndroidManifest.xml:54:13-50
88            android:enabled="true"
88-->src\main\AndroidManifest.xml:55:13-35
89            android:exported="true"
89-->src\main\AndroidManifest.xml:56:13-36
90            android:permission="android.permission.RECEIVE_BOOT_COMPLETED" >
90-->src\main\AndroidManifest.xml:57:13-75
91            <intent-filter>
91-->src\main\AndroidManifest.xml:58:13-61:29
92                <action android:name="android.intent.action.BOOT_COMPLETED" />
92-->src\main\AndroidManifest.xml:59:17-79
92-->src\main\AndroidManifest.xml:59:25-76
93                <action android:name="android.intent.action.MY_PACKAGE_REPLACED" />
93-->src\main\AndroidManifest.xml:60:17-84
93-->src\main\AndroidManifest.xml:60:25-81
94            </intent-filter>
95        </receiver>
96        <receiver
96-->src\main\AndroidManifest.xml:64:9-66:40
97            android:name="com.smartreminder.app.notifications.SnoozeReceiver"
97-->src\main\AndroidManifest.xml:65:13-57
98            android:exported="false" />
98-->src\main\AndroidManifest.xml:66:13-37
99        <receiver
99-->src\main\AndroidManifest.xml:68:9-70:40
100            android:name="com.smartreminder.app.notifications.SnoozeAlarmReceiver"
100-->src\main\AndroidManifest.xml:69:13-62
101            android:exported="false" />
101-->src\main\AndroidManifest.xml:70:13-37
102
103        <activity
103-->[com.google.android.gms:play-services-base:18.1.0] AndroidManifest.xml:20:9-22:45
104            android:name="com.google.android.gms.common.api.GoogleApiActivity"
104-->[com.google.android.gms:play-services-base:18.1.0] AndroidManifest.xml:20:19-85
105            android:exported="false"
105-->[com.google.android.gms:play-services-base:18.1.0] AndroidManifest.xml:22:19-43
106            android:theme="@android:style/Theme.Translucent.NoTitleBar" />
106-->[com.google.android.gms:play-services-base:18.1.0] AndroidManifest.xml:21:19-78
107
108        <provider
108-->[androidx.emoji2:emoji2:1.2.0] AndroidManifest.xml:24:9-32:20
109            android:name="androidx.startup.InitializationProvider"
109-->[androidx.emoji2:emoji2:1.2.0] AndroidManifest.xml:25:13-67
110            android:authorities="com.smartreminder.app.debug.androidx-startup"
110-->[androidx.emoji2:emoji2:1.2.0] AndroidManifest.xml:26:13-68
111            android:exported="false" >
111-->[androidx.emoji2:emoji2:1.2.0] AndroidManifest.xml:27:13-37
112            <meta-data
112-->[androidx.emoji2:emoji2:1.2.0] AndroidManifest.xml:29:13-31:52
113                android:name="androidx.emoji2.text.EmojiCompatInitializer"
113-->[androidx.emoji2:emoji2:1.2.0] AndroidManifest.xml:30:17-75
114                android:value="androidx.startup" />
114-->[androidx.emoji2:emoji2:1.2.0] AndroidManifest.xml:31:17-49
115            <meta-data
115-->[androidx.work:work-runtime:2.9.0] AndroidManifest.xml:34:13-36:52
116                android:name="androidx.work.WorkManagerInitializer"
116-->[androidx.work:work-runtime:2.9.0] AndroidManifest.xml:35:17-68
117                android:value="androidx.startup" />
117-->[androidx.work:work-runtime:2.9.0] AndroidManifest.xml:36:17-49
118            <meta-data
118-->[androidx.lifecycle:lifecycle-process:2.7.0] AndroidManifest.xml:29:13-31:52
119                android:name="androidx.lifecycle.ProcessLifecycleInitializer"
119-->[androidx.lifecycle:lifecycle-process:2.7.0] AndroidManifest.xml:30:17-78
120                android:value="androidx.startup" />
120-->[androidx.lifecycle:lifecycle-process:2.7.0] AndroidManifest.xml:31:17-49
121            <meta-data
121-->[androidx.profileinstaller:profileinstaller:1.3.0] AndroidManifest.xml:29:13-31:52
122                android:name="androidx.profileinstaller.ProfileInstallerInitializer"
122-->[androidx.profileinstaller:profileinstaller:1.3.0] AndroidManifest.xml:30:17-85
123                android:value="androidx.startup" />
123-->[androidx.profileinstaller:profileinstaller:1.3.0] AndroidManifest.xml:31:17-49
124        </provider>
125
126        <service
126-->[androidx.work:work-runtime:2.9.0] AndroidManifest.xml:39:9-45:35
127            android:name="androidx.work.impl.background.systemalarm.SystemAlarmService"
127-->[androidx.work:work-runtime:2.9.0] AndroidManifest.xml:40:13-88
128            android:directBootAware="false"
128-->[androidx.work:work-runtime:2.9.0] AndroidManifest.xml:41:13-44
129            android:enabled="@bool/enable_system_alarm_service_default"
129-->[androidx.work:work-runtime:2.9.0] AndroidManifest.xml:42:13-72
130            android:exported="false" />
130-->[androidx.work:work-runtime:2.9.0] AndroidManifest.xml:43:13-37
131        <service
131-->[androidx.work:work-runtime:2.9.0] AndroidManifest.xml:46:9-52:35
132            android:name="androidx.work.impl.background.systemjob.SystemJobService"
132-->[androidx.work:work-runtime:2.9.0] AndroidManifest.xml:47:13-84
133            android:directBootAware="false"
133-->[androidx.work:work-runtime:2.9.0] AndroidManifest.xml:48:13-44
134            android:enabled="@bool/enable_system_job_service_default"
134-->[androidx.work:work-runtime:2.9.0] AndroidManifest.xml:49:13-70
135            android:exported="true"
135-->[androidx.work:work-runtime:2.9.0] AndroidManifest.xml:50:13-36
136            android:permission="android.permission.BIND_JOB_SERVICE" />
136-->[androidx.work:work-runtime:2.9.0] AndroidManifest.xml:51:13-69
137        <service
137-->[androidx.work:work-runtime:2.9.0] AndroidManifest.xml:53:9-59:35
138            android:name="androidx.work.impl.foreground.SystemForegroundService"
138-->[androidx.work:work-runtime:2.9.0] AndroidManifest.xml:54:13-81
139            android:directBootAware="false"
139-->[androidx.work:work-runtime:2.9.0] AndroidManifest.xml:55:13-44
140            android:enabled="@bool/enable_system_foreground_service_default"
140-->[androidx.work:work-runtime:2.9.0] AndroidManifest.xml:56:13-77
141            android:exported="false" />
141-->[androidx.work:work-runtime:2.9.0] AndroidManifest.xml:57:13-37
142
143        <receiver
143-->[androidx.work:work-runtime:2.9.0] AndroidManifest.xml:61:9-66:35
144            android:name="androidx.work.impl.utils.ForceStopRunnable$BroadcastReceiver"
144-->[androidx.work:work-runtime:2.9.0] AndroidManifest.xml:62:13-88
145            android:directBootAware="false"
145-->[androidx.work:work-runtime:2.9.0] AndroidManifest.xml:63:13-44
146            android:enabled="true"
146-->[androidx.work:work-runtime:2.9.0] AndroidManifest.xml:64:13-35
147            android:exported="false" />
147-->[androidx.work:work-runtime:2.9.0] AndroidManifest.xml:65:13-37
148        <receiver
148-->[androidx.work:work-runtime:2.9.0] AndroidManifest.xml:67:9-77:20
149            android:name="androidx.work.impl.background.systemalarm.ConstraintProxy$BatteryChargingProxy"
149-->[androidx.work:work-runtime:2.9.0] AndroidManifest.xml:68:13-106
150            android:directBootAware="false"
150-->[androidx.work:work-runtime:2.9.0] AndroidManifest.xml:69:13-44
151            android:enabled="false"
151-->[androidx.work:work-runtime:2.9.0] AndroidManifest.xml:70:13-36
152            android:exported="false" >
152-->[androidx.work:work-runtime:2.9.0] AndroidManifest.xml:71:13-37
153            <intent-filter>
153-->[androidx.work:work-runtime:2.9.0] AndroidManifest.xml:73:13-76:29
154                <action android:name="android.intent.action.ACTION_POWER_CONNECTED" />
154-->[androidx.work:work-runtime:2.9.0] AndroidManifest.xml:74:17-87
154-->[androidx.work:work-runtime:2.9.0] AndroidManifest.xml:74:25-84
155                <action android:name="android.intent.action.ACTION_POWER_DISCONNECTED" />
155-->[androidx.work:work-runtime:2.9.0] AndroidManifest.xml:75:17-90
155-->[androidx.work:work-runtime:2.9.0] AndroidManifest.xml:75:25-87
156            </intent-filter>
157        </receiver>
158        <receiver
158-->[androidx.work:work-runtime:2.9.0] AndroidManifest.xml:78:9-88:20
159            android:name="androidx.work.impl.background.systemalarm.ConstraintProxy$BatteryNotLowProxy"
159-->[androidx.work:work-runtime:2.9.0] AndroidManifest.xml:79:13-104
160            android:directBootAware="false"
160-->[androidx.work:work-runtime:2.9.0] AndroidManifest.xml:80:13-44
161            android:enabled="false"
161-->[androidx.work:work-runtime:2.9.0] AndroidManifest.xml:81:13-36
162            android:exported="false" >
162-->[androidx.work:work-runtime:2.9.0] AndroidManifest.xml:82:13-37
163            <intent-filter>
163-->[androidx.work:work-runtime:2.9.0] AndroidManifest.xml:84:13-87:29
164                <action android:name="android.intent.action.BATTERY_OKAY" />
164-->[androidx.work:work-runtime:2.9.0] AndroidManifest.xml:85:17-77
164-->[androidx.work:work-runtime:2.9.0] AndroidManifest.xml:85:25-74
165                <action android:name="android.intent.action.BATTERY_LOW" />
165-->[androidx.work:work-runtime:2.9.0] AndroidManifest.xml:86:17-76
165-->[androidx.work:work-runtime:2.9.0] AndroidManifest.xml:86:25-73
166            </intent-filter>
167        </receiver>
168        <receiver
168-->[androidx.work:work-runtime:2.9.0] AndroidManifest.xml:89:9-99:20
169            android:name="androidx.work.impl.background.systemalarm.ConstraintProxy$StorageNotLowProxy"
169-->[androidx.work:work-runtime:2.9.0] AndroidManifest.xml:90:13-104
170            android:directBootAware="false"
170-->[androidx.work:work-runtime:2.9.0] AndroidManifest.xml:91:13-44
171            android:enabled="false"
171-->[androidx.work:work-runtime:2.9.0] AndroidManifest.xml:92:13-36
172            android:exported="false" >
172-->[androidx.work:work-runtime:2.9.0] AndroidManifest.xml:93:13-37
173            <intent-filter>
173-->[androidx.work:work-runtime:2.9.0] AndroidManifest.xml:95:13-98:29
174                <action android:name="android.intent.action.DEVICE_STORAGE_LOW" />
174-->[androidx.work:work-runtime:2.9.0] AndroidManifest.xml:96:17-83
174-->[androidx.work:work-runtime:2.9.0] AndroidManifest.xml:96:25-80
175                <action android:name="android.intent.action.DEVICE_STORAGE_OK" />
175-->[androidx.work:work-runtime:2.9.0] AndroidManifest.xml:97:17-82
175-->[androidx.work:work-runtime:2.9.0] AndroidManifest.xml:97:25-79
176            </intent-filter>
177        </receiver>
178        <receiver
178-->[androidx.work:work-runtime:2.9.0] AndroidManifest.xml:100:9-109:20
179            android:name="androidx.work.impl.background.systemalarm.ConstraintProxy$NetworkStateProxy"
179-->[androidx.work:work-runtime:2.9.0] AndroidManifest.xml:101:13-103
180            android:directBootAware="false"
180-->[androidx.work:work-runtime:2.9.0] AndroidManifest.xml:102:13-44
181            android:enabled="false"
181-->[androidx.work:work-runtime:2.9.0] AndroidManifest.xml:103:13-36
182            android:exported="false" >
182-->[androidx.work:work-runtime:2.9.0] AndroidManifest.xml:104:13-37
183            <intent-filter>
183-->[androidx.work:work-runtime:2.9.0] AndroidManifest.xml:106:13-108:29
184                <action android:name="android.net.conn.CONNECTIVITY_CHANGE" />
184-->[androidx.work:work-runtime:2.9.0] AndroidManifest.xml:107:17-79
184-->[androidx.work:work-runtime:2.9.0] AndroidManifest.xml:107:25-76
185            </intent-filter>
186        </receiver>
187        <receiver
187-->[androidx.work:work-runtime:2.9.0] AndroidManifest.xml:110:9-121:20
188            android:name="androidx.work.impl.background.systemalarm.RescheduleReceiver"
188-->[androidx.work:work-runtime:2.9.0] AndroidManifest.xml:111:13-88
189            android:directBootAware="false"
189-->[androidx.work:work-runtime:2.9.0] AndroidManifest.xml:112:13-44
190            android:enabled="false"
190-->[androidx.work:work-runtime:2.9.0] AndroidManifest.xml:113:13-36
191            android:exported="false" >
191-->[androidx.work:work-runtime:2.9.0] AndroidManifest.xml:114:13-37
192            <intent-filter>
192-->[androidx.work:work-runtime:2.9.0] AndroidManifest.xml:116:13-120:29
193                <action android:name="android.intent.action.BOOT_COMPLETED" />
193-->src\main\AndroidManifest.xml:59:17-79
193-->src\main\AndroidManifest.xml:59:25-76
194                <action android:name="android.intent.action.TIME_SET" />
194-->[androidx.work:work-runtime:2.9.0] AndroidManifest.xml:118:17-73
194-->[androidx.work:work-runtime:2.9.0] AndroidManifest.xml:118:25-70
195                <action android:name="android.intent.action.TIMEZONE_CHANGED" />
195-->[androidx.work:work-runtime:2.9.0] AndroidManifest.xml:119:17-81
195-->[androidx.work:work-runtime:2.9.0] AndroidManifest.xml:119:25-78
196            </intent-filter>
197        </receiver>
198        <receiver
198-->[androidx.work:work-runtime:2.9.0] AndroidManifest.xml:122:9-131:20
199            android:name="androidx.work.impl.background.systemalarm.ConstraintProxyUpdateReceiver"
199-->[androidx.work:work-runtime:2.9.0] AndroidManifest.xml:123:13-99
200            android:directBootAware="false"
200-->[androidx.work:work-runtime:2.9.0] AndroidManifest.xml:124:13-44
201            android:enabled="@bool/enable_system_alarm_service_default"
201-->[androidx.work:work-runtime:2.9.0] AndroidManifest.xml:125:13-72
202            android:exported="false" >
202-->[androidx.work:work-runtime:2.9.0] AndroidManifest.xml:126:13-37
203            <intent-filter>
203-->[androidx.work:work-runtime:2.9.0] AndroidManifest.xml:128:13-130:29
204                <action android:name="androidx.work.impl.background.systemalarm.UpdateProxies" />
204-->[androidx.work:work-runtime:2.9.0] AndroidManifest.xml:129:17-98
204-->[androidx.work:work-runtime:2.9.0] AndroidManifest.xml:129:25-95
205            </intent-filter>
206        </receiver>
207        <receiver
207-->[androidx.work:work-runtime:2.9.0] AndroidManifest.xml:132:9-142:20
208            android:name="androidx.work.impl.diagnostics.DiagnosticsReceiver"
208-->[androidx.work:work-runtime:2.9.0] AndroidManifest.xml:133:13-78
209            android:directBootAware="false"
209-->[androidx.work:work-runtime:2.9.0] AndroidManifest.xml:134:13-44
210            android:enabled="true"
210-->[androidx.work:work-runtime:2.9.0] AndroidManifest.xml:135:13-35
211            android:exported="true"
211-->[androidx.work:work-runtime:2.9.0] AndroidManifest.xml:136:13-36
212            android:permission="android.permission.DUMP" >
212-->[androidx.work:work-runtime:2.9.0] AndroidManifest.xml:137:13-57
213            <intent-filter>
213-->[androidx.work:work-runtime:2.9.0] AndroidManifest.xml:139:13-141:29
214                <action android:name="androidx.work.diagnostics.REQUEST_DIAGNOSTICS" />
214-->[androidx.work:work-runtime:2.9.0] AndroidManifest.xml:140:17-88
214-->[androidx.work:work-runtime:2.9.0] AndroidManifest.xml:140:25-85
215            </intent-filter>
216        </receiver>
217
218        <uses-library
218-->[androidx.window:window:1.0.0] AndroidManifest.xml:25:9-27:40
219            android:name="androidx.window.extensions"
219-->[androidx.window:window:1.0.0] AndroidManifest.xml:26:13-54
220            android:required="false" />
220-->[androidx.window:window:1.0.0] AndroidManifest.xml:27:13-37
221        <uses-library
221-->[androidx.window:window:1.0.0] AndroidManifest.xml:28:9-30:40
222            android:name="androidx.window.sidecar"
222-->[androidx.window:window:1.0.0] AndroidManifest.xml:29:13-51
223            android:required="false" />
223-->[androidx.window:window:1.0.0] AndroidManifest.xml:30:13-37
224
225        <service
225-->[androidx.room:room-runtime:2.6.1] AndroidManifest.xml:24:9-28:63
226            android:name="androidx.room.MultiInstanceInvalidationService"
226-->[androidx.room:room-runtime:2.6.1] AndroidManifest.xml:25:13-74
227            android:directBootAware="true"
227-->[androidx.room:room-runtime:2.6.1] AndroidManifest.xml:26:13-43
228            android:exported="false" />
228-->[androidx.room:room-runtime:2.6.1] AndroidManifest.xml:27:13-37
229
230        <meta-data
230-->[com.google.android.gms:play-services-basement:18.1.0] AndroidManifest.xml:21:9-23:69
231            android:name="com.google.android.gms.version"
231-->[com.google.android.gms:play-services-basement:18.1.0] AndroidManifest.xml:22:13-58
232            android:value="@integer/google_play_services_version" />
232-->[com.google.android.gms:play-services-basement:18.1.0] AndroidManifest.xml:23:13-66
233
234        <receiver
234-->[androidx.profileinstaller:profileinstaller:1.3.0] AndroidManifest.xml:34:9-52:20
235            android:name="androidx.profileinstaller.ProfileInstallReceiver"
235-->[androidx.profileinstaller:profileinstaller:1.3.0] AndroidManifest.xml:35:13-76
236            android:directBootAware="false"
236-->[androidx.profileinstaller:profileinstaller:1.3.0] AndroidManifest.xml:36:13-44
237            android:enabled="true"
237-->[androidx.profileinstaller:profileinstaller:1.3.0] AndroidManifest.xml:37:13-35
238            android:exported="true"
238-->[androidx.profileinstaller:profileinstaller:1.3.0] AndroidManifest.xml:38:13-36
239            android:permission="android.permission.DUMP" >
239-->[androidx.profileinstaller:profileinstaller:1.3.0] AndroidManifest.xml:39:13-57
240            <intent-filter>
240-->[androidx.profileinstaller:profileinstaller:1.3.0] AndroidManifest.xml:40:13-42:29
241                <action android:name="androidx.profileinstaller.action.INSTALL_PROFILE" />
241-->[androidx.profileinstaller:profileinstaller:1.3.0] AndroidManifest.xml:41:17-91
241-->[androidx.profileinstaller:profileinstaller:1.3.0] AndroidManifest.xml:41:25-88
242            </intent-filter>
243            <intent-filter>
243-->[androidx.profileinstaller:profileinstaller:1.3.0] AndroidManifest.xml:43:13-45:29
244                <action android:name="androidx.profileinstaller.action.SKIP_FILE" />
244-->[androidx.profileinstaller:profileinstaller:1.3.0] AndroidManifest.xml:44:17-85
244-->[androidx.profileinstaller:profileinstaller:1.3.0] AndroidManifest.xml:44:25-82
245            </intent-filter>
246            <intent-filter>
246-->[androidx.profileinstaller:profileinstaller:1.3.0] AndroidManifest.xml:46:13-48:29
247                <action android:name="androidx.profileinstaller.action.SAVE_PROFILE" />
247-->[androidx.profileinstaller:profileinstaller:1.3.0] AndroidManifest.xml:47:17-88
247-->[androidx.profileinstaller:profileinstaller:1.3.0] AndroidManifest.xml:47:25-85
248            </intent-filter>
249            <intent-filter>
249-->[androidx.profileinstaller:profileinstaller:1.3.0] AndroidManifest.xml:49:13-51:29
250                <action android:name="androidx.profileinstaller.action.BENCHMARK_OPERATION" />
250-->[androidx.profileinstaller:profileinstaller:1.3.0] AndroidManifest.xml:50:17-95
250-->[androidx.profileinstaller:profileinstaller:1.3.0] AndroidManifest.xml:50:25-92
251            </intent-filter>
252        </receiver>
253    </application>
254
255</manifest>